{"/home/francis/webdev/NASA-project/src/app/index.ts": {"path":"/home/francis/webdev/NASA-project/src/app/index.ts","statementMap":{"0":{"start":{"line":1,"column":0},"end":{"line":1,"column":24}},"1":{"start":{"line":2,"column":0},"end":{"line":2,"column":30}},"2":{"start":{"line":3,"column":0},"end":{"line":3,"column":24}},"3":{"start":{"line":4,"column":0},"end":{"line":4,"column":28}},"4":{"start":{"line":5,"column":0},"end":{"line":5,"column":36}},"5":{"start":{"line":6,"column":0},"end":{"line":6,"column":61}},"6":{"start":{"line":7,"column":0},"end":{"line":7,"column":64}},"7":{"start":{"line":9,"column":12},"end":{"line":9,"column":21}},"8":{"start":{"line":28,"column":9},"end":{"line":28,"column":12}},"9":{"start":{"line":12,"column":0},"end":{"line":16,"column":2}},"10":{"start":{"line":17,"column":0},"end":{"line":17,"column":28}},"11":{"start":{"line":19,"column":0},"end":{"line":19,"column":24}},"12":{"start":{"line":20,"column":0},"end":{"line":20,"column":49}},"13":{"start":{"line":21,"column":0},"end":{"line":21,"column":68}},"14":{"start":{"line":24,"column":0},"end":{"line":24,"column":27}},"15":{"start":{"line":25,"column":0},"end":{"line":25,"column":23}},"16":{"start":{"line":26,"column":0},"end":{"line":26,"column":24}}},"fnMap":{},"branchMap":{},"s":{"0":1,"1":1,"2":1,"3":1,"4":1,"5":1,"6":1,"7":1,"8":1,"9":1,"10":1,"11":1,"12":1,"13":1,"14":1,"15":1,"16":1},"f":{},"b":{}}
}
